<?xml version="1.0" encoding="UTF-8"?><testrun name="TesteBaralho" project="JogosComCartas" tests="3" started="3" failures="1" errors="0" ignored="0">
  <testsuite name="com.jogocartas.testes.TesteBaralho" time="0.087">
    <testcase name="testCriouCarta" classname="com.jogocartas.testes.TesteBaralho" time="0.0"/>
    <testcase name="testListarBaralho" classname="com.jogocartas.testes.TesteBaralho" time="0.085">
      <failure>java.lang.AssertionError: expected:&lt;1&gt; but was:&lt;nullÀs de Copas2 de Copas3 de Copas4 de Copas5 de Copas6 de Copas7 de Copas8 de Copas9 de Copas10 de CopasValete de CopasDama de CopasRei de CopasÀs de Espadas2 de Espadas3 de Espadas4 de Espadas5 de Espadas6 de Espadas7 de Espadas8 de Espadas9 de Espadas10 de EspadasValete de EspadasDama de EspadasRei de EspadasÀs de Ouros2 de Ouros3 de Ouros4 de Ouros5 de Ouros6 de Ouros7 de Ouros8 de Ouros9 de Ouros10 de OurosValete de OurosDama de OurosRei de OurosÀs de Paus2 de Paus3 de Paus4 de Paus5 de Paus6 de Paus7 de Paus8 de Paus9 de Paus10 de PausValete de PausDama de PausRei de Paus&gt;&#13;
	at org.junit.Assert.fail(Assert.java:93)&#13;
	at org.junit.Assert.failNotEquals(Assert.java:647)&#13;
	at org.junit.Assert.assertEquals(Assert.java:128)&#13;
	at org.junit.Assert.assertEquals(Assert.java:147)&#13;
	at com.jogocartas.testes.TesteBaralho.testListarBaralho(TesteBaralho.java:25)&#13;
	at sun.reflect.NativeMethodAccessorImpl.invoke0(Native Method)&#13;
	at sun.reflect.NativeMethodAccessorImpl.invoke(Unknown Source)&#13;
	at sun.reflect.DelegatingMethodAccessorImpl.invoke(Unknown Source)&#13;
	at java.lang.reflect.Method.invoke(Unknown Source)&#13;
	at org.junit.runners.model.FrameworkMethod$1.runReflectiveCall(FrameworkMethod.java:45)&#13;
	at org.junit.internal.runners.model.ReflectiveCallable.run(ReflectiveCallable.java:15)&#13;
	at org.junit.runners.model.FrameworkMethod.invokeExplosively(FrameworkMethod.java:42)&#13;
	at org.junit.internal.runners.statements.InvokeMethod.evaluate(InvokeMethod.java:20)&#13;
	at org.junit.runners.ParentRunner.runLeaf(ParentRunner.java:263)&#13;
	at org.junit.runners.BlockJUnit4ClassRunner.runChild(BlockJUnit4ClassRunner.java:68)&#13;
	at org.junit.runners.BlockJUnit4ClassRunner.runChild(BlockJUnit4ClassRunner.java:47)&#13;
	at org.junit.runners.ParentRunner$3.run(ParentRunner.java:231)&#13;
	at org.junit.runners.ParentRunner$1.schedule(ParentRunner.java:60)&#13;
	at org.junit.runners.ParentRunner.runChildren(ParentRunner.java:229)&#13;
	at org.junit.runners.ParentRunner.access$000(ParentRunner.java:50)&#13;
	at org.junit.runners.ParentRunner$2.evaluate(ParentRunner.java:222)&#13;
	at org.junit.runners.ParentRunner.run(ParentRunner.java:300)&#13;
	at org.eclipse.jdt.internal.junit4.runner.JUnit4TestReference.run(JUnit4TestReference.java:50)&#13;
	at org.eclipse.jdt.internal.junit.runner.TestExecution.run(TestExecution.java:38)&#13;
	at org.eclipse.jdt.internal.junit.runner.RemoteTestRunner.runTests(RemoteTestRunner.java:467)&#13;
	at org.eclipse.jdt.internal.junit.runner.RemoteTestRunner.runTests(RemoteTestRunner.java:683)&#13;
	at org.eclipse.jdt.internal.junit.runner.RemoteTestRunner.run(RemoteTestRunner.java:390)&#13;
	at org.eclipse.jdt.internal.junit.runner.RemoteTestRunner.main(RemoteTestRunner.java:197)&#13;
&#13;
</failure>
    </testcase>
    <testcase name="testCriouBaralhoCompleto" classname="com.jogocartas.testes.TesteBaralho" time="0.001"/>
  </testsuite>
</testrun>
